<?xml version="1.0" encoding="UTF-8"?>
<testng-results skipped="0" failed="0" ignored="0" total="1" passed="1">
  <reporter-output>
  </reporter-output>
  <suite name="Default suite" duration-ms="28565" started-at="2019-06-08T20:01:18Z" finished-at="2019-06-08T20:01:47Z">
    <groups>
    </groups>
    <test name="Default test" duration-ms="28565" started-at="2019-06-08T20:01:18Z" finished-at="2019-06-08T20:01:47Z">
      <class name="planit_poc.tests.WebShopPlaceBooksOrder">
        <test-method status="PASS" signature="beforeMethod()[pri:0, instance:planit_poc.tests.WebShopPlaceBooksOrder@68be2bc2]" name="beforeMethod" is-config="true" duration-ms="25" started-at="2019-06-09T01:31:18Z" finished-at="2019-06-09T01:31:18Z">
          <reporter-output>
          </reporter-output>
        </test-method> <!-- beforeMethod -->
        <test-method status="PASS" signature="ValidatePlacingBooksOrderFunctionality(java.util.HashMap)[pri:0, instance:planit_poc.tests.WebShopPlaceBooksOrder@68be2bc2]" name="ValidatePlacingBooksOrderFunctionality" duration-ms="27317" started-at="2019-06-09T01:31:20Z" data-provider="getInputData" finished-at="2019-06-09T01:31:47Z">
          <params>
            <param index="0">
              <value>
                <![CDATA[{ShippingMethod=Next Day Air, UserName=atest@gmail.com, Categories=Book, ShippingAddress=Billing Address, Quantity=2, PaymentMethod=COD, ItemToBeSelected=Fiction, Password=123456}]]>
              </value>
            </param>
          </params>
          <reporter-output>
          </reporter-output>
        </test-method> <!-- ValidatePlacingBooksOrderFunctionality -->
        <test-method status="PASS" signature="afterTest()[pri:0, instance:planit_poc.tests.WebShopPlaceBooksOrder@68be2bc2]" name="afterTest" is-config="true" duration-ms="1" started-at="2019-06-09T01:31:47Z" finished-at="2019-06-09T01:31:47Z">
          <reporter-output>
          </reporter-output>
        </test-method> <!-- afterTest -->
      </class> <!-- planit_poc.tests.WebShopPlaceBooksOrder -->
    </test> <!-- Default test -->
  </suite> <!-- Default suite -->
</testng-results>
